<?xml version="1.0" encoding="UTF-8"?>
<!-- Generated by org.testng.reporters.JUnitReportReporter -->
<testsuite hostname="DESKTOP-VT75SFR" failures="0" tests="10" name="test.SwabLabsHomePageTest" time="90.058" errors="0" timestamp="2022-11-07T19:13:00 IST" skipped="0">
  <testcase classname="test.SwabLabsHomePageTest" name="verifyLinkedInIsOpening" time="14.765"/>
  <system-out/>
  <testcase classname="test.SwabLabsHomePageTest" name="verifyAddToCartButton" time="7.682"/>
  <system-out/>
  <testcase classname="test.SwabLabsHomePageTest" name="verifyAddingMultipleProductsToCart" time="3.833"/>
  <system-out/>
  <testcase classname="test.SwabLabsHomePageTest" name="verifyFacebookIsOpening" time="8.415"/>
  <system-out/>
  <testcase classname="test.SwabLabsHomePageTest" name="verifyListOfOptionsDisplayedUnderOption" time="7.004"/>
  <system-out/>
  <testcase classname="test.SwabLabsHomePageTest" name="verifyFunctinalityOfFilters" time="4.186"/>
  <system-out/>
  <testcase classname="test.SwabLabsHomePageTest" name="verifyTwitterIsOpening" time="18.750"/>
  <system-out/>
  <testcase classname="test.SwabLabsHomePageTest" name="verifyProductIsDisplayedUnderCart" time="4.486"/>
  <system-out/>
  <testcase classname="test.SwabLabsHomePageTest" name="verifyToRemoveMultipleProductsInCartFromHomePage" time="13.394"/>
  <system-out/>
  <testcase classname="test.SwabLabsHomePageTest" name="verifyToRemoveProductFromCartFromHomePage" time="7.543"/>
  <system-out/>
</testsuite> <!-- test.SwabLabsHomePageTest -->
